<testsuites><testsuite name="py-test-8" errors="0" failures="0" skipped="0" tests="6" time="0.173" timestamp="2024-05-27T20:44:32.229334" hostname="dipendu-Virtual-Machine"><testcase classname="py-test-8.test_example1" name="test_add" time="0.031"><system-out>--------------------------------- Captured Log ---------------------------------
#x1B[32mINFO    #x1B[0m root:test_example1.py:11 Add - 2 + 3 = 5
#x1B[32mINFO    #x1B[0m root:test_example1.py:11 Add - -1 + 1 = 0
#x1B[32mINFO    #x1B[0m root:test_example1.py:11 Add - -1 + -1 = -2
--------------------------------- Captured Out ---------------------------------

</system-out><system-err>--------------------------------- Captured Err ---------------------------------

</system-err></testcase><testcase classname="py-test-8.test_example1" name="test_subtract" time="0.032"><system-out>--------------------------------- Captured Log ---------------------------------
#x1B[32mINFO    #x1B[0m root:test_example1.py:17 Subtract - 5 - 3 = 2
#x1B[32mINFO    #x1B[0m root:test_example1.py:17 Subtract - -1 - -1 = 0
#x1B[32mINFO    #x1B[0m root:test_example1.py:17 Subtract - 3 - 5 = -2
--------------------------------- Captured Out ---------------------------------

</system-out><system-err>--------------------------------- Captured Err ---------------------------------

</system-err></testcase><testcase classname="py-test-8.test_example1" name="test_multiply" time="0.032"><system-out>--------------------------------- Captured Log ---------------------------------
#x1B[32mINFO    #x1B[0m root:test_example1.py:23 Multiply - 2 * 3 = 6
#x1B[32mINFO    #x1B[0m root:test_example1.py:23 Multiply - -1 * 1 = -1
#x1B[32mINFO    #x1B[0m root:test_example1.py:23 Multiply - -1 * -1 = 1
--------------------------------- Captured Out ---------------------------------

</system-out><system-err>--------------------------------- Captured Err ---------------------------------

</system-err></testcase><testcase classname="py-test-8.test_example1" name="test_divide" time="0.043"><system-out>--------------------------------- Captured Log ---------------------------------
#x1B[32mINFO    #x1B[0m root:test_example1.py:31 Divide - 6 / 3 = 2.0
#x1B[32mINFO    #x1B[0m root:test_example1.py:31 Divide - -1 / 1 = -1.0
#x1B[32mINFO    #x1B[0m root:test_example1.py:31 Divide - -1 / -1 = 1.0
--------------------------------- Captured Out ---------------------------------

</system-out><system-err>--------------------------------- Captured Err ---------------------------------

</system-err></testcase><testcase classname="py-test-8.test_example1" name="test_with_allure" time="0.002"><system-out>--------------------------------- Captured Log ---------------------------------

--------------------------------- Captured Out ---------------------------------

</system-out><system-err>--------------------------------- Captured Err ---------------------------------

</system-err></testcase><testcase classname="py-test-8.test_example1" name="test_with_logs" time="0.002"><system-out>--------------------------------- Captured Log ---------------------------------
#x1B[32mINFO    #x1B[0m root:test_example1.py:72 This is an info log message
#x1B[33mWARNING #x1B[0m root:test_example1.py:73 This is a warning log message
#x1B[32mINFO    #x1B[0m root:test_example1.py:74 This is an INFO log message
#x1B[33mWARNING #x1B[0m root:test_example1.py:75 This is a WARNING log message
#x1B[31m#x1B[1mERROR   #x1B[0m root:test_example1.py:76 This is an ERROR log message
#x1B[31mCRITICAL#x1B[0m root:test_example1.py:77 This is a CRITICAL log message
--------------------------------- Captured Out ---------------------------------

</system-out><system-err>--------------------------------- Captured Err ---------------------------------

</system-err></testcase></testsuite></testsuites>